0 info it worked if it ends with ok
1 verbose cli [ 'C:\\Program Files (x86)\\nodejs\\node.exe',
1 verbose cli   'C:\\Program Files (x86)\\nodejs\\node_modules\\npm\\bin\\npm-cli.js',
1 verbose cli   'start' ]
2 info using npm@3.10.10
3 info using node@v6.9.4
4 verbose run-script [ 'prestart', 'start', 'poststart' ]
5 info lifecycle conduit-node@1.0.0~prestart: conduit-node@1.0.0
6 silly lifecycle conduit-node@1.0.0~prestart: no script for prestart, continuing
7 info lifecycle conduit-node@1.0.0~start: conduit-node@1.0.0
8 verbose lifecycle conduit-node@1.0.0~start: unsafe-perm in lifecycle true
9 verbose lifecycle conduit-node@1.0.0~start: PATH: C:\Program Files (x86)\nodejs\node_modules\npm\bin\node-gyp-bin;C:\Users\kush7003\Downloads\node-express-realworld-example-app-master\node-express-realworld-example-app-master\node_modules\.bin;C:\Program Files (x86)\Common Files\Oracle\Java\javapath;C:\Program Files\Common Files\Microsoft Shared\Microsoft Online Services;C:\Program Files (x86)\Common Files\Microsoft Shared\Microsoft Online Services;C:\ProgramData\Oracle\Java\javapath;C:\WINDOWS\system32;C:\WINDOWS;C:\WINDOWS\System32\Wbem;C:\WINDOWS\System32\WindowsPowerShell\v1.0\;C:\Program Files (x86)\nodejs\;C:\Program Files\dotnet\;C:\Program Files\Microsoft SQL Server\130\Tools\Binn\;C:\Program Files\PuTTY\;C:\Program Files\TortoiseSVN\bin;C:\Program Files\Microsoft SQL Server\Client SDK\ODBC\130\Tools\Binn\;C:\Program Files (x86)\Microsoft SQL Server\140\Tools\Binn\;C:\Program Files\Microsoft SQL Server\140\Tools\Binn\;C:\Program Files\Microsoft SQL Server\140\DTS\Binn\;C:\Program Files\MySQL\MySQL Utilities 1.6\;C:\Program Files (x86)\Microsoft SQL Server\Client SDK\ODBC\130\Tools\Binn\;C:\Program Files (x86)\Microsoft SQL Server\140\DTS\Binn\;C:\Program Files (x86)\Microsoft SQL Server\140\Tools\Binn\ManagementStudio\;C:\Users\kush7003\AppData\Local\Programs\Python\Python36;C:\Program Files\Redis;C:\Program Files\Git;C:\Program Files\Java\jdk1.8.0_181\bin;C:\Users\kush7003\AppData\Local\Programs\Python\Python36-32\Scripts\;C:\Users\kush7003\AppData\Local\Programs\Python\Python36-32\;C:\Users\kush7003\AppData\Local\Microsoft\WindowsApps;C:\Users\kush7003\AppData\Roaming\npm;C:\Users\kush7003\AppData\Local\GitHubDesktop\bin;C:\Program Files\Microsoft VS Code\bin;C:\Users\kush7003\AppData\Roaming\Microsoft\Windows\Start Menu\Programs\Python 3.6;C:\Python27\python.exe;C:\Python27\;%USERPROFILE%\AppData\Local\Microsoft\WindowsApps;
10 verbose lifecycle conduit-node@1.0.0~start: CWD: C:\Users\kush7003\Downloads\node-express-realworld-example-app-master\node-express-realworld-example-app-master
11 silly lifecycle conduit-node@1.0.0~start: Args: [ '/d /s /c', 'node ./app.js' ]
12 silly lifecycle conduit-node@1.0.0~start: Returned: code: 1  signal: null
13 info lifecycle conduit-node@1.0.0~start: Failed to exec start script
14 verbose stack Error: conduit-node@1.0.0 start: `node ./app.js`
14 verbose stack Exit status 1
14 verbose stack     at EventEmitter.<anonymous> (C:\Program Files (x86)\nodejs\node_modules\npm\lib\utils\lifecycle.js:255:16)
14 verbose stack     at emitTwo (events.js:106:13)
14 verbose stack     at EventEmitter.emit (events.js:191:7)
14 verbose stack     at ChildProcess.<anonymous> (C:\Program Files (x86)\nodejs\node_modules\npm\lib\utils\spawn.js:40:14)
14 verbose stack     at emitTwo (events.js:106:13)
14 verbose stack     at ChildProcess.emit (events.js:191:7)
14 verbose stack     at maybeClose (internal/child_process.js:877:16)
14 verbose stack     at Process.ChildProcess._handle.onexit (internal/child_process.js:226:5)
15 verbose pkgid conduit-node@1.0.0
16 verbose cwd C:\Users\kush7003\Downloads\node-express-realworld-example-app-master\node-express-realworld-example-app-master
17 error Windows_NT 10.0.16299
18 error argv "C:\\Program Files (x86)\\nodejs\\node.exe" "C:\\Program Files (x86)\\nodejs\\node_modules\\npm\\bin\\npm-cli.js" "start"
19 error node v6.9.4
20 error npm  v3.10.10
21 error code ELIFECYCLE
22 error conduit-node@1.0.0 start: `node ./app.js`
22 error Exit status 1
23 error Failed at the conduit-node@1.0.0 start script 'node ./app.js'.
23 error Make sure you have the latest version of node.js and npm installed.
23 error If you do, this is most likely a problem with the conduit-node package,
23 error not with npm itself.
23 error Tell the author that this fails on your system:
23 error     node ./app.js
23 error You can get information on how to open an issue for this project with:
23 error     npm bugs conduit-node
23 error Or if that isn't available, you can get their info via:
23 error     npm owner ls conduit-node
23 error There is likely additional logging output above.
24 verbose exit [ 1, true ]
